[
  {
    "id": 1776938376105.6646,
    "ts": "2026-04-23T09:59:36.105Z",
    "level": "info",
    "message": "Full sync complete: ok",
    "meta": {
      "company": "Company1"
    },
    "company": "Company1"
  },
  {
    "id": 1776937644698.548,
    "ts": "2026-04-23T09:47:24.698Z",
    "level": "info",
    "message": "Full sync complete: ok",
    "meta": {
      "company": "Company1"
    },
    "company": "Company1"
  },
  {
    "id": 1776936636891.6653,
    "ts": "2026-04-23T09:30:36.891Z",
    "level": "info",
    "message": "Full sync complete: warning",
    "meta": {
      "company": "Company1"
    },
    "company": "Company1"
  },
  {
    "id": 1776935819450.2822,
    "ts": "2026-04-23T09:16:59.450Z",
    "level": "info",
    "message": "Full sync complete: warning",
    "meta": {
      "company": "Company1"
    },
    "company": "Company1"
  },
  {
    "id": 1776935710618.9668,
    "ts": "2026-04-23T09:15:10.618Z",
    "level": "info",
    "message": "Full sync complete: ok",
    "meta": {
      "company": "Company1"
    },
    "company": "Company1"
  }
]