[
  {
    "id": 1777528952368.882,
    "ts": "2026-04-30T06:02:32.368Z",
    "level": "info",
    "message": "Full sync complete: ok",
    "meta": {
      "company": "Company2"
    },
    "company": "Company2"
  },
  {
    "id": 1777528236983.0193,
    "ts": "2026-04-30T05:50:36.983Z",
    "level": "info",
    "message": "Full sync complete: warning",
    "meta": {
      "company": "Company2"
    },
    "company": "Company2"
  },
  {
    "id": 1777526622233.196,
    "ts": "2026-04-30T05:23:42.233Z",
    "level": "info",
    "message": "Full sync complete: ok",
    "meta": {
      "company": "Company2"
    },
    "company": "Company2"
  },
  {
    "id": 1777525895985.906,
    "ts": "2026-04-30T05:11:35.985Z",
    "level": "info",
    "message": "Full sync complete: warning",
    "meta": {
      "company": "Company2"
    },
    "company": "Company2"
  },
  {
    "id": 1777525365948.4421,
    "ts": "2026-04-30T05:02:45.948Z",
    "level": "info",
    "message": "Full sync complete: warning",
    "meta": {
      "company": "Company2"
    },
    "company": "Company2"
  },
  {
    "id": 1777465336571.0515,
    "ts": "2026-04-29T12:22:16.571Z",
    "level": "info",
    "message": "Full sync complete: failed",
    "meta": {
      "company": "Company2"
    },
    "company": "Company2"
  },
  {
    "id": 1777464389394.6995,
    "ts": "2026-04-29T12:06:29.394Z",
    "level": "info",
    "message": "Full sync complete: failed",
    "meta": {
      "company": "Company2"
    },
    "company": "Company2"
  },
  {
    "id": 1777461246831.034,
    "ts": "2026-04-29T11:14:06.831Z",
    "level": "info",
    "message": "Full sync complete: failed",
    "meta": {
      "company": "Company2"
    },
    "company": "Company2"
  },
  {
    "id": 1777458064194.0786,
    "ts": "2026-04-29T10:21:04.194Z",
    "level": "info",
    "message": "Full sync complete: warning",
    "meta": {
      "company": "Company2"
    },
    "company": "Company2"
  },
  {
    "id": 1777456297459.237,
    "ts": "2026-04-29T09:51:37.459Z",
    "level": "info",
    "message": "Full sync complete: warning",
    "meta": {
      "company": "Company2"
    },
    "company": "Company2"
  },
  {
    "id": 1777454758905.7085,
    "ts": "2026-04-29T09:25:58.905Z",
    "level": "info",
    "message": "Full sync complete: warning",
    "meta": {
      "company": "Company2"
    },
    "company": "Company2"
  },
  {
    "id": 1777453133798.6545,
    "ts": "2026-04-29T08:58:53.798Z",
    "level": "info",
    "message": "Full sync complete: warning",
    "meta": {
      "company": "Company2"
    },
    "company": "Company2"
  },
  {
    "id": 1777452269374.6492,
    "ts": "2026-04-29T08:44:29.374Z",
    "level": "info",
    "message": "Full sync complete: warning",
    "meta": {
      "company": "Company2"
    },
    "company": "Company2"
  },
  {
    "id": 1777451338661.6155,
    "ts": "2026-04-29T08:28:58.661Z",
    "level": "info",
    "message": "Full sync complete: warning",
    "meta": {
      "company": "Company2"
    },
    "company": "Company2"
  },
  {
    "id": 1777450478221.8164,
    "ts": "2026-04-29T08:14:38.221Z",
    "level": "info",
    "message": "Full sync complete: warning",
    "meta": {
      "company": "Company2"
    },
    "company": "Company2"
  },
  {
    "id": 1777446388973.3499,
    "ts": "2026-04-29T07:06:28.973Z",
    "level": "info",
    "message": "Full sync complete: warning",
    "meta": {
      "company": "Company2"
    },
    "company": "Company2"
  },
  {
    "id": 1777445435325.925,
    "ts": "2026-04-29T06:50:35.325Z",
    "level": "info",
    "message": "Full sync complete: warning",
    "meta": {
      "company": "Company2"
    },
    "company": "Company2"
  },
  {
    "id": 1777441246348.9758,
    "ts": "2026-04-29T05:40:46.348Z",
    "level": "info",
    "message": "Full sync complete: warning",
    "meta": {
      "company": "Company2"
    },
    "company": "Company2"
  },
  {
    "id": 1777438795329.5488,
    "ts": "2026-04-29T04:59:55.329Z",
    "level": "info",
    "message": "Full sync complete: warning",
    "meta": {
      "company": "Company2"
    },
    "company": "Company2"
  },
  {
    "id": 1777438671911.5144,
    "ts": "2026-04-29T04:57:51.911Z",
    "level": "success",
    "message": "Fetched 0 ledgers",
    "meta": {
      "company": "Company2"
    },
    "company": "Company2"
  },
  {
    "id": 1777438671879.011,
    "ts": "2026-04-29T04:57:51.879Z",
    "level": "info",
    "message": "Fetching ledgers from Tally",
    "meta": {
      "company": "Company2"
    },
    "company": "Company2"
  },
  {
    "id": 1777377661683.215,
    "ts": "2026-04-28T12:01:01.683Z",
    "level": "info",
    "message": "Full sync complete: warning",
    "meta": {
      "company": "Company2"
    },
    "company": "Company2"
  },
  {
    "id": 1777376510204.516,
    "ts": "2026-04-28T11:41:50.204Z",
    "level": "info",
    "message": "Full sync complete: warning",
    "meta": {
      "company": "Company2"
    },
    "company": "Company2"
  },
  {
    "id": 1777373078891.254,
    "ts": "2026-04-28T10:44:38.891Z",
    "level": "info",
    "message": "Full sync complete: warning",
    "meta": {
      "company": "Company2"
    },
    "company": "Company2"
  },
  {
    "id": 1777028738932.8896,
    "ts": "2026-04-24T11:05:38.933Z",
    "level": "info",
    "message": "Full sync complete: ok",
    "meta": {
      "company": "Company2"
    },
    "company": "Company2"
  },
  {
    "id": 1777023998849.3506,
    "ts": "2026-04-24T09:46:38.849Z",
    "level": "info",
    "message": "Full sync complete: ok",
    "meta": {
      "company": "Company2"
    },
    "company": "Company2"
  },
  {
    "id": 1776944434291.9268,
    "ts": "2026-04-23T11:40:34.291Z",
    "level": "info",
    "message": "Full sync complete: ok",
    "meta": {
      "company": "Company2"
    },
    "company": "Company2"
  },
  {
    "id": 1776943482273.8215,
    "ts": "2026-04-23T11:24:42.273Z",
    "level": "info",
    "message": "Full sync complete: ok",
    "meta": {
      "company": "Company2"
    },
    "company": "Company2"
  },
  {
    "id": 1776943370441.5977,
    "ts": "2026-04-23T11:22:50.441Z",
    "level": "info",
    "message": "Full sync complete: ok",
    "meta": {
      "company": "Company2"
    },
    "company": "Company2"
  }
]