[
  {
    "id": 1777365227948.747,
    "ts": "2026-04-28T08:33:47.948Z",
    "level": "info",
    "message": "Full sync complete: warning",
    "meta": {
      "company": "NewCompany"
    },
    "company": "NewCompany"
  },
  {
    "id": 1777360687678.5596,
    "ts": "2026-04-28T07:18:07.678Z",
    "level": "info",
    "message": "Full sync complete: warning",
    "meta": {
      "company": "NewCompany"
    },
    "company": "NewCompany"
  },
  {
    "id": 1777356068680.961,
    "ts": "2026-04-28T06:01:08.680Z",
    "level": "info",
    "message": "Full sync complete: warning",
    "meta": {
      "company": "NewCompany"
    },
    "company": "NewCompany"
  }
]