[
  {
    "id": 1776850192756.496,
    "ts": "2026-04-22T09:29:52.756Z",
    "level": "info",
    "message": "Full sync complete: ok",
    "meta": {
      "company": "tallytoerpnext"
    },
    "company": "tallytoerpnext"
  },
  {
    "id": 1776849822480.7554,
    "ts": "2026-04-22T09:23:42.480Z",
    "level": "info",
    "message": "Full sync complete: ok",
    "meta": {
      "company": "tallytoerpnext"
    },
    "company": "tallytoerpnext"
  },
  {
    "id": 1776849749071.243,
    "ts": "2026-04-22T09:22:29.071Z",
    "level": "info",
    "message": "Full sync complete: ok",
    "meta": {
      "company": "tallytoerpnext"
    },
    "company": "tallytoerpnext"
  },
  {
    "id": 1776849720965.5198,
    "ts": "2026-04-22T09:22:00.965Z",
    "level": "info",
    "message": "Full sync complete: ok",
    "meta": {
      "company": "tallytoerpnext"
    },
    "company": "tallytoerpnext"
  },
  {
    "id": 1776849278217.8025,
    "ts": "2026-04-22T09:14:38.217Z",
    "level": "info",
    "message": "Full sync complete: ok",
    "meta": {
      "company": "tallytoerpnext"
    },
    "company": "tallytoerpnext"
  },
  {
    "id": 1776849094115.1492,
    "ts": "2026-04-22T09:11:34.115Z",
    "level": "info",
    "message": "Full sync complete: ok",
    "meta": {
      "company": "tallytoerpnext"
    },
    "company": "tallytoerpnext"
  },
  {
    "id": 1776848909277.133,
    "ts": "2026-04-22T09:08:29.277Z",
    "level": "info",
    "message": "Full sync complete: ok",
    "meta": {
      "company": "tallytoerpnext"
    },
    "company": "tallytoerpnext"
  },
  {
    "id": 1776848069297.443,
    "ts": "2026-04-22T08:54:29.297Z",
    "level": "info",
    "message": "Full sync complete: ok",
    "meta": {
      "company": "tallytoerpnext"
    },
    "company": "tallytoerpnext"
  },
  {
    "id": 1776846618946.9456,
    "ts": "2026-04-22T08:30:18.946Z",
    "level": "info",
    "message": "Full sync complete: ok",
    "meta": {
      "company": "tallytoerpnext"
    },
    "company": "tallytoerpnext"
  },
  {
    "id": 1776845306569.6826,
    "ts": "2026-04-22T08:08:26.569Z",
    "level": "info",
    "message": "Full sync complete: ok",
    "meta": {
      "company": "tallytoerpnext"
    },
    "company": "tallytoerpnext"
  },
  {
    "id": 1776842776154.09,
    "ts": "2026-04-22T07:26:16.154Z",
    "level": "info",
    "message": "Full sync complete: ok",
    "meta": {
      "company": "tallytoerpnext"
    },
    "company": "tallytoerpnext"
  },
  {
    "id": 1776773449113.8523,
    "ts": "2026-04-21T12:10:49.113Z",
    "level": "info",
    "message": "Full sync complete: ok",
    "meta": {
      "company": "tallytoerpnext"
    },
    "company": "tallytoerpnext"
  },
  {
    "id": 1776772830941.389,
    "ts": "2026-04-21T12:00:30.941Z",
    "level": "info",
    "message": "Full sync complete: ok",
    "meta": {
      "company": "tallytoerpnext"
    },
    "company": "tallytoerpnext"
  }
]