[
  {
    "id": 1777289819533.3066,
    "ts": "2026-04-27T11:36:59.533Z",
    "level": "info",
    "message": "Full sync complete: ok",
    "meta": {
      "company": "TallyCompany"
    },
    "company": "TallyCompany"
  },
  {
    "id": 1777289194091.0088,
    "ts": "2026-04-27T11:26:34.091Z",
    "level": "info",
    "message": "Full sync complete: warning",
    "meta": {
      "company": "TallyCompany"
    },
    "company": "TallyCompany"
  },
  {
    "id": 1777287514017.0627,
    "ts": "2026-04-27T10:58:34.017Z",
    "level": "info",
    "message": "Full sync complete: ok",
    "meta": {
      "company": "TallyCompany"
    },
    "company": "TallyCompany"
  },
  {
    "id": 1777286465324.28,
    "ts": "2026-04-27T10:41:05.324Z",
    "level": "info",
    "message": "Full sync complete: ok",
    "meta": {
      "company": "TallyCompany"
    },
    "company": "TallyCompany"
  },
  {
    "id": 1777285558693.3499,
    "ts": "2026-04-27T10:25:58.693Z",
    "level": "info",
    "message": "Full sync complete: ok",
    "meta": {
      "company": "TallyCompany"
    },
    "company": "TallyCompany"
  },
  {
    "id": 1777284893628.01,
    "ts": "2026-04-27T10:14:53.628Z",
    "level": "info",
    "message": "Full sync complete: ok",
    "meta": {
      "company": "TallyCompany"
    },
    "company": "TallyCompany"
  },
  {
    "id": 1777282837976.7217,
    "ts": "2026-04-27T09:40:37.976Z",
    "level": "info",
    "message": "Full sync complete: warning",
    "meta": {
      "company": "TallyCompany"
    },
    "company": "TallyCompany"
  },
  {
    "id": 1777281399728.441,
    "ts": "2026-04-27T09:16:39.728Z",
    "level": "info",
    "message": "Full sync complete: ok",
    "meta": {
      "company": "TallyCompany"
    },
    "company": "TallyCompany"
  },
  {
    "id": 1777278813645.2244,
    "ts": "2026-04-27T08:33:33.645Z",
    "level": "info",
    "message": "Full sync complete: ok",
    "meta": {
      "company": "TallyCompany"
    },
    "company": "TallyCompany"
  },
  {
    "id": 1777277705563.5024,
    "ts": "2026-04-27T08:15:05.563Z",
    "level": "info",
    "message": "Full sync complete: ok",
    "meta": {
      "company": "TallyCompany"
    },
    "company": "TallyCompany"
  },
  {
    "id": 1777273990011.5532,
    "ts": "2026-04-27T07:13:10.011Z",
    "level": "info",
    "message": "Full sync complete: ok",
    "meta": {
      "company": "TallyCompany"
    },
    "company": "TallyCompany"
  },
  {
    "id": 1777271609539.181,
    "ts": "2026-04-27T06:33:29.539Z",
    "level": "info",
    "message": "Full sync complete: ok",
    "meta": {
      "company": "TallyCompany"
    },
    "company": "TallyCompany"
  },
  {
    "id": 1777269167610.5737,
    "ts": "2026-04-27T05:52:47.610Z",
    "level": "info",
    "message": "Full sync complete: ok",
    "meta": {
      "company": "TallyCompany"
    },
    "company": "TallyCompany"
  }
]